<?xml version="1.0" encoding="UTF-8"?>
<!-- Generated by org.testng.reporters.JUnitReportReporter -->
<testsuite skipped="0" hostname="ES-LAPTOP-88" name="FreshPractise.NewTest_withTestNG" tests="1" failures="0" timestamp="11 Mar 2018 03:33:50 GMT" time="0.028" errors="0">
  <testcase name="f" time="0.028" classname="FreshPractise.NewTest_withTestNG"/>
</testsuite> <!-- FreshPractise.NewTest_withTestNG -->
